  [4;36;1mSQL (0.4ms)[0m   [0;1m SELECT name
 FROM sqlite_master
 WHERE type = 'table' AND NOT name = 'sqlite_sequence'
[0m
  [4;35;1mSQL (0.2ms)[0m   [0mselect sqlite_version(*)[0m
  [4;36;1mSQL (1.1ms)[0m   [0;1mCREATE TABLE "schema_migrations" ("version" varchar(255) NOT NULL) [0m
  [4;35;1mSQL (1.1ms)[0m   [0mCREATE UNIQUE INDEX "unique_schema_migrations" ON "schema_migrations" ("version")[0m
  [4;36;1mSQL (0.2ms)[0m   [0;1m SELECT name
 FROM sqlite_master
 WHERE type = 'table' AND NOT name = 'sqlite_sequence'
[0m
  [4;35;1mSQL (0.1ms)[0m   [0mSELECT version FROM schema_migrations[0m
Migrating to CreateBeverages (20090919141455)
  [4;36;1mSQL (0.5ms)[0m   [0;1mCREATE TABLE "beverages" ("id" INTEGER PRIMARY KEY AUTOINCREMENT NOT NULL, "beverage_type_id" integer, "name" varchar(255), "alcoholic" boolean, "carbonated" boolean, "description" text, "created_at" datetime, "updated_at" datetime) [0m
  [4;35;1mSQL (0.1ms)[0m   [0mINSERT INTO schema_migrations (version) VALUES ('20090919141455')[0m
Migrating to CreateBeverageTypes (20090919141554)
  [4;36;1mSQL (0.4ms)[0m   [0;1mCREATE TABLE "beverage_types" ("id" INTEGER PRIMARY KEY AUTOINCREMENT NOT NULL, "name" varchar(255), "created_at" datetime, "updated_at" datetime) [0m
  [4;35;1mSQL (0.1ms)[0m   [0mINSERT INTO schema_migrations (version) VALUES ('20090919141554')[0m
  [4;36;1mSQL (0.3ms)[0m   [0;1m SELECT name
 FROM sqlite_master
 WHERE type = 'table' AND NOT name = 'sqlite_sequence'
[0m
  [4;35;1mSQL (0.1ms)[0m   [0mSELECT version FROM schema_migrations[0m
  [4;36;1mSQL (0.2ms)[0m   [0;1m SELECT name
 FROM sqlite_master
 WHERE type = 'table' AND NOT name = 'sqlite_sequence'
[0m
  [4;35;1mSQL (0.0ms)[0m   [0mPRAGMA index_list("beverage_types")[0m
  [4;36;1mSQL (0.0ms)[0m   [0;1mPRAGMA index_list("beverages")[0m
  [4;36;1mSQL (0.3ms)[0m   [0;1mselect sqlite_version(*)[0m
  [4;35;1mSQL (0.4ms)[0m   [0m SELECT name
 FROM sqlite_master
 WHERE type = 'table' AND NOT name = 'sqlite_sequence'
[0m
  [4;36;1mSQL (0.1ms)[0m   [0;1mSELECT version FROM schema_migrations[0m
  [4;35;1mSQL (0.2ms)[0m   [0m SELECT name
 FROM sqlite_master
 WHERE type = 'table' AND NOT name = 'sqlite_sequence'
[0m
  [4;36;1mSQL (0.0ms)[0m   [0;1mPRAGMA index_list("beverage_types")[0m
  [4;35;1mSQL (0.0ms)[0m   [0mPRAGMA index_list("beverages")[0m
  [4;36;1mSQL (0.1ms)[0m   [0;1mselect sqlite_version(*)[0m
  [4;35;1mSQL (0.2ms)[0m   [0m SELECT name
 FROM sqlite_master
 WHERE type = 'table' AND NOT name = 'sqlite_sequence'
[0m
  [4;36;1mSQL (1.4ms)[0m   [0;1mCREATE TABLE "beverage_types" ("id" INTEGER PRIMARY KEY AUTOINCREMENT NOT NULL, "name" varchar(255), "created_at" datetime, "updated_at" datetime) [0m
  [4;35;1mSQL (0.2ms)[0m   [0m SELECT name
 FROM sqlite_master
 WHERE type = 'table' AND NOT name = 'sqlite_sequence'
[0m
  [4;36;1mSQL (1.1ms)[0m   [0;1mCREATE TABLE "beverages" ("id" INTEGER PRIMARY KEY AUTOINCREMENT NOT NULL, "beverage_type_id" integer, "name" varchar(255), "alcoholic" boolean, "carbonated" boolean, "description" text, "created_at" datetime, "updated_at" datetime) [0m
  [4;35;1mSQL (0.2ms)[0m   [0m SELECT name
 FROM sqlite_master
 WHERE type = 'table' AND NOT name = 'sqlite_sequence'
[0m
  [4;36;1mSQL (1.1ms)[0m   [0;1mCREATE TABLE "schema_migrations" ("version" varchar(255) NOT NULL) [0m
  [4;35;1mSQL (1.2ms)[0m   [0mCREATE UNIQUE INDEX "unique_schema_migrations" ON "schema_migrations" ("version")[0m
  [4;36;1mSQL (0.3ms)[0m   [0;1m SELECT name
 FROM sqlite_master
 WHERE type = 'table' AND NOT name = 'sqlite_sequence'
[0m
  [4;35;1mSQL (0.1ms)[0m   [0mSELECT version FROM "schema_migrations"[0m
  [4;36;1mSQL (1.0ms)[0m   [0;1mINSERT INTO "schema_migrations" (version) VALUES ('20090919141554')[0m
  [4;35;1mSQL (0.9ms)[0m   [0mINSERT INTO "schema_migrations" (version) VALUES ('20090919141455')[0m
  [4;36;1mSQL (0.6ms)[0m   [0;1m SELECT name
 FROM sqlite_master
 WHERE type = 'table' AND NOT name = 'sqlite_sequence'
[0m
  [4;35;1mSQL (0.2ms)[0m   [0mSELECT version FROM schema_migrations[0m
  [4;36;1mSQL (0.2ms)[0m   [0;1mselect sqlite_version(*)[0m
  [4;35;1mSQL (0.2ms)[0m   [0m SELECT name
 FROM sqlite_master
 WHERE type = 'table' AND NOT name = 'sqlite_sequence'
[0m
  [4;36;1mSQL (2.1ms)[0m   [0;1mCREATE TABLE "beverage_types" ("id" INTEGER PRIMARY KEY AUTOINCREMENT NOT NULL, "name" varchar(255), "created_at" datetime, "updated_at" datetime) [0m
  [4;35;1mSQL (0.2ms)[0m   [0m SELECT name
 FROM sqlite_master
 WHERE type = 'table' AND NOT name = 'sqlite_sequence'
[0m
  [4;36;1mSQL (1.1ms)[0m   [0;1mCREATE TABLE "beverages" ("id" INTEGER PRIMARY KEY AUTOINCREMENT NOT NULL, "beverage_type_id" integer, "name" varchar(255), "alcoholic" boolean, "carbonated" boolean, "description" text, "created_at" datetime, "updated_at" datetime) [0m
  [4;35;1mSQL (0.2ms)[0m   [0m SELECT name
 FROM sqlite_master
 WHERE type = 'table' AND NOT name = 'sqlite_sequence'
[0m
  [4;36;1mSQL (1.1ms)[0m   [0;1mCREATE TABLE "schema_migrations" ("version" varchar(255) NOT NULL) [0m
  [4;35;1mSQL (1.2ms)[0m   [0mCREATE UNIQUE INDEX "unique_schema_migrations" ON "schema_migrations" ("version")[0m
  [4;36;1mSQL (0.3ms)[0m   [0;1m SELECT name
 FROM sqlite_master
 WHERE type = 'table' AND NOT name = 'sqlite_sequence'
[0m
  [4;35;1mSQL (0.1ms)[0m   [0mSELECT version FROM "schema_migrations"[0m
  [4;36;1mSQL (1.1ms)[0m   [0;1mINSERT INTO "schema_migrations" (version) VALUES ('20090919141554')[0m
  [4;35;1mSQL (1.1ms)[0m   [0mINSERT INTO "schema_migrations" (version) VALUES ('20090919141455')[0m
  [4;36;1mSQL (0.7ms)[0m   [0;1m SELECT name
 FROM sqlite_master
 WHERE type = 'table' AND NOT name = 'sqlite_sequence'
[0m
  [4;35;1mSQL (0.2ms)[0m   [0mSELECT version FROM schema_migrations[0m
Migrating to CreateBeverages (20090919141455)
Migrating to CreateBeverageTypes (20090919141554)
Migrating to CreateUsers (20090919143637)
  [4;36;1mSQL (0.1ms)[0m   [0;1mselect sqlite_version(*)[0m
  [4;35;1mSQL (0.5ms)[0m   [0mCREATE TABLE "users" ("id" INTEGER PRIMARY KEY AUTOINCREMENT NOT NULL, "name" varchar(255), "age" integer, "created_at" datetime, "updated_at" datetime) [0m
  [4;36;1mSQL (0.1ms)[0m   [0;1mINSERT INTO schema_migrations (version) VALUES ('20090919143637')[0m
  [4;35;1mSQL (0.3ms)[0m   [0m SELECT name
 FROM sqlite_master
 WHERE type = 'table' AND NOT name = 'sqlite_sequence'
[0m
  [4;36;1mSQL (0.2ms)[0m   [0;1mSELECT version FROM schema_migrations[0m
  [4;35;1mSQL (0.2ms)[0m   [0m SELECT name
 FROM sqlite_master
 WHERE type = 'table' AND NOT name = 'sqlite_sequence'
[0m
  [4;36;1mSQL (0.0ms)[0m   [0;1mPRAGMA index_list("beverage_types")[0m
  [4;35;1mSQL (0.1ms)[0m   [0mPRAGMA index_list("beverages")[0m
  [4;36;1mSQL (0.0ms)[0m   [0;1mPRAGMA index_list("users")[0m
  [4;36;1mSQL (0.3ms)[0m   [0;1mselect sqlite_version(*)[0m
  [4;35;1mSQL (0.5ms)[0m   [0m SELECT name
 FROM sqlite_master
 WHERE type = 'table' AND NOT name = 'sqlite_sequence'
[0m
  [4;36;1mSQL (0.2ms)[0m   [0;1mSELECT version FROM schema_migrations[0m
  [4;35;1mSQL (0.2ms)[0m   [0m SELECT name
 FROM sqlite_master
 WHERE type = 'table' AND NOT name = 'sqlite_sequence'
[0m
  [4;36;1mSQL (0.7ms)[0m   [0;1mPRAGMA index_list("beverage_types")[0m
  [4;35;1mSQL (0.1ms)[0m   [0mPRAGMA index_list("beverages")[0m
  [4;36;1mSQL (0.0ms)[0m   [0;1mPRAGMA index_list("users")[0m
  [4;35;1mSQL (0.1ms)[0m   [0mselect sqlite_version(*)[0m
  [4;36;1mSQL (0.2ms)[0m   [0;1m SELECT name
 FROM sqlite_master
 WHERE type = 'table' AND NOT name = 'sqlite_sequence'
[0m
  [4;35;1mSQL (1.1ms)[0m   [0mCREATE TABLE "beverage_types" ("id" INTEGER PRIMARY KEY AUTOINCREMENT NOT NULL, "name" varchar(255), "created_at" datetime, "updated_at" datetime) [0m
  [4;36;1mSQL (0.2ms)[0m   [0;1m SELECT name
 FROM sqlite_master
 WHERE type = 'table' AND NOT name = 'sqlite_sequence'
[0m
  [4;35;1mSQL (1.1ms)[0m   [0mCREATE TABLE "beverages" ("id" INTEGER PRIMARY KEY AUTOINCREMENT NOT NULL, "beverage_type_id" integer, "name" varchar(255), "alcoholic" boolean, "carbonated" boolean, "description" text, "created_at" datetime, "updated_at" datetime) [0m
  [4;36;1mSQL (0.2ms)[0m   [0;1m SELECT name
 FROM sqlite_master
 WHERE type = 'table' AND NOT name = 'sqlite_sequence'
[0m
  [4;35;1mSQL (0.9ms)[0m   [0mCREATE TABLE "users" ("id" INTEGER PRIMARY KEY AUTOINCREMENT NOT NULL, "name" varchar(255), "age" integer, "created_at" datetime, "updated_at" datetime) [0m
  [4;36;1mSQL (0.2ms)[0m   [0;1m SELECT name
 FROM sqlite_master
 WHERE type = 'table' AND NOT name = 'sqlite_sequence'
[0m
  [4;35;1mSQL (0.8ms)[0m   [0mCREATE TABLE "schema_migrations" ("version" varchar(255) NOT NULL) [0m
  [4;36;1mSQL (0.9ms)[0m   [0;1mCREATE UNIQUE INDEX "unique_schema_migrations" ON "schema_migrations" ("version")[0m
  [4;35;1mSQL (0.2ms)[0m   [0m SELECT name
 FROM sqlite_master
 WHERE type = 'table' AND NOT name = 'sqlite_sequence'
[0m
  [4;36;1mSQL (0.1ms)[0m   [0;1mSELECT version FROM "schema_migrations"[0m
  [4;35;1mSQL (0.8ms)[0m   [0mINSERT INTO "schema_migrations" (version) VALUES ('20090919143637')[0m
  [4;36;1mSQL (0.8ms)[0m   [0;1mINSERT INTO "schema_migrations" (version) VALUES ('20090919141455')[0m
  [4;35;1mSQL (0.8ms)[0m   [0mINSERT INTO "schema_migrations" (version) VALUES ('20090919141554')[0m
  [4;36;1mBeverage Create (0.5ms)[0m   [0;1mINSERT INTO "beverages" ("beverage_type_id", "name", "created_at", "carbonated", "updated_at", "alcoholic", "description") VALUES(NULL, 'Lemonade', '2009-09-19 14:41:45', NULL, '2009-09-19 14:41:45', NULL, NULL)[0m
  [4;35;1mBeverage Update (1.1ms)[0m   [0mUPDATE "beverages" SET "updated_at" = '2009-09-19 14:42:26', "description" = 'asdf' WHERE "id" = 1[0m
  [4;36;1mSQL (0.7ms)[0m   [0;1m SELECT name
 FROM sqlite_master
 WHERE type = 'table' AND NOT name = 'sqlite_sequence'
[0m
  [4;35;1mSQL (0.2ms)[0m   [0mSELECT version FROM schema_migrations[0m
Migrating to CreateBeverages (20090919141455)
Migrating to CreateBeverageTypes (20090919141554)
Migrating to CreateUsers (20090919143637)
Migrating to MoveAlcoholicToType (20090919145220)
  [4;36;1mSQL (0.1ms)[0m   [0;1mselect sqlite_version(*)[0m
  [4;35;1mSQL (0.7ms)[0m   [0mCREATE TEMPORARY TABLE "altered_beverages" ("id" INTEGER PRIMARY KEY AUTOINCREMENT NOT NULL, "beverage_type_id" integer, "name" varchar(255), "alcoholic" boolean, "carbonated" boolean, "description" text, "created_at" datetime, "updated_at" datetime) [0m
  [4;36;1mSQL (0.0ms)[0m   [0;1mPRAGMA index_list("beverages")[0m
  [4;35;1mSQL (0.7ms)[0m   [0mDROP TABLE "beverages"[0m
  [4;36;1mSQL (0.2ms)[0m   [0;1mCREATE TABLE "beverages" ("id" INTEGER PRIMARY KEY AUTOINCREMENT NOT NULL, "beverage_type_id" integer, "name" varchar(255), "carbonated" boolean, "description" text, "created_at" datetime, "updated_at" datetime) [0m
  [4;35;1mSQL (0.0ms)[0m   [0mPRAGMA index_list("altered_beverages")[0m
  [4;36;1mSQL (0.4ms)[0m   [0;1mDROP TABLE "altered_beverages"[0m
  [4;35;1mSQL (0.2ms)[0m   [0mALTER TABLE "beverage_types" ADD "alcoholic" boolean[0m
  [4;36;1mSQL (0.1ms)[0m   [0;1mINSERT INTO schema_migrations (version) VALUES ('20090919145220')[0m
  [4;35;1mSQL (0.3ms)[0m   [0m SELECT name
 FROM sqlite_master
 WHERE type = 'table' AND NOT name = 'sqlite_sequence'
[0m
  [4;36;1mSQL (0.2ms)[0m   [0;1mSELECT version FROM schema_migrations[0m
  [4;35;1mSQL (0.2ms)[0m   [0m SELECT name
 FROM sqlite_master
 WHERE type = 'table' AND NOT name = 'sqlite_sequence'
[0m
  [4;36;1mSQL (0.0ms)[0m   [0;1mPRAGMA index_list("beverage_types")[0m
  [4;35;1mSQL (0.1ms)[0m   [0mPRAGMA index_list("beverages")[0m
  [4;36;1mSQL (0.1ms)[0m   [0;1mPRAGMA index_list("users")[0m
  [4;36;1mSQL (0.3ms)[0m   [0;1mselect sqlite_version(*)[0m
  [4;35;1mSQL (0.5ms)[0m   [0m SELECT name
 FROM sqlite_master
 WHERE type = 'table' AND NOT name = 'sqlite_sequence'
[0m
  [4;36;1mSQL (0.2ms)[0m   [0;1mSELECT version FROM schema_migrations[0m
  [4;35;1mSQL (0.2ms)[0m   [0m SELECT name
 FROM sqlite_master
 WHERE type = 'table' AND NOT name = 'sqlite_sequence'
[0m
  [4;36;1mSQL (0.0ms)[0m   [0;1mPRAGMA index_list("beverage_types")[0m
  [4;35;1mSQL (0.0ms)[0m   [0mPRAGMA index_list("beverages")[0m
  [4;36;1mSQL (0.0ms)[0m   [0;1mPRAGMA index_list("users")[0m
  [4;35;1mSQL (0.2ms)[0m   [0mselect sqlite_version(*)[0m
  [4;36;1mSQL (0.2ms)[0m   [0;1m SELECT name
 FROM sqlite_master
 WHERE type = 'table' AND NOT name = 'sqlite_sequence'
[0m
  [4;35;1mSQL (1.3ms)[0m   [0mCREATE TABLE "beverage_types" ("id" INTEGER PRIMARY KEY AUTOINCREMENT NOT NULL, "name" varchar(255), "created_at" datetime, "updated_at" datetime, "alcoholic" boolean) [0m
  [4;36;1mSQL (0.2ms)[0m   [0;1m SELECT name
 FROM sqlite_master
 WHERE type = 'table' AND NOT name = 'sqlite_sequence'
[0m
  [4;35;1mSQL (1.0ms)[0m   [0mCREATE TABLE "beverages" ("id" INTEGER PRIMARY KEY AUTOINCREMENT NOT NULL, "beverage_type_id" integer, "name" varchar(255), "carbonated" boolean, "description" text, "created_at" datetime, "updated_at" datetime) [0m
  [4;36;1mSQL (0.2ms)[0m   [0;1m SELECT name
 FROM sqlite_master
 WHERE type = 'table' AND NOT name = 'sqlite_sequence'
[0m
  [4;35;1mSQL (1.0ms)[0m   [0mCREATE TABLE "users" ("id" INTEGER PRIMARY KEY AUTOINCREMENT NOT NULL, "name" varchar(255), "age" integer, "created_at" datetime, "updated_at" datetime) [0m
  [4;36;1mSQL (0.2ms)[0m   [0;1m SELECT name
 FROM sqlite_master
 WHERE type = 'table' AND NOT name = 'sqlite_sequence'
[0m
  [4;35;1mSQL (1.0ms)[0m   [0mCREATE TABLE "schema_migrations" ("version" varchar(255) NOT NULL) [0m
  [4;36;1mSQL (1.1ms)[0m   [0;1mCREATE UNIQUE INDEX "unique_schema_migrations" ON "schema_migrations" ("version")[0m
  [4;35;1mSQL (0.2ms)[0m   [0m SELECT name
 FROM sqlite_master
 WHERE type = 'table' AND NOT name = 'sqlite_sequence'
[0m
  [4;36;1mSQL (0.1ms)[0m   [0;1mSELECT version FROM "schema_migrations"[0m
  [4;35;1mSQL (1.0ms)[0m   [0mINSERT INTO "schema_migrations" (version) VALUES ('20090919145220')[0m
  [4;36;1mSQL (1.0ms)[0m   [0;1mINSERT INTO "schema_migrations" (version) VALUES ('20090919141455')[0m
  [4;35;1mSQL (0.9ms)[0m   [0mINSERT INTO "schema_migrations" (version) VALUES ('20090919141554')[0m
  [4;36;1mSQL (1.0ms)[0m   [0;1mINSERT INTO "schema_migrations" (version) VALUES ('20090919143637')[0m


Processing BeveragesController#index (for ::1 at 2009-09-19 11:15:37) [GET]
  [4;36;1mBeverage Load (0.8ms)[0m   [0;1mSELECT * FROM "beverages" [0m
Rendering beverages/index
Completed in 26ms (View: 19, DB: 1) | 200 OK [http://localhost/beverages]
  [4;36;1mBeverage Create (0.6ms)[0m   [0;1mINSERT INTO "beverages" ("beverage_type_id", "name", "created_at", "carbonated", "updated_at", "description") VALUES(NULL, 'Margarita', '2009-09-19 15:16:01', NULL, '2009-09-19 15:16:01', NULL)[0m


Processing BeveragesController#index (for ::1 at 2009-09-19 11:16:03) [GET]
  [4;35;1mBeverage Load (0.6ms)[0m   [0mSELECT * FROM "beverages" [0m
Rendering beverages/index
Completed in 8ms (View: 4, DB: 1) | 200 OK [http://localhost/beverages]


Processing BeveragesController#index (for ::1 at 2009-09-19 11:24:05) [GET]
  [4;36;1mBeverage Load (0.6ms)[0m   [0;1mSELECT * FROM "beverages" [0m
Rendering beverages/index
Completed in 8ms (View: 3, DB: 1) | 200 OK [http://localhost/beverages]


Processing BeveragesController#new (for ::1 at 2009-09-19 11:37:40) [GET]
Rendering beverages/new

ActionView::TemplateError (Couldn't find Beverage without an ID) on line #3 of app/views/beverages/new.html.erb:
1: <h1>Create a beverage</h1>
2: 
3: <% form_for current_beverage do |f| %>
4:   <label>Name:</label>
5:   <%= f.text_field :name %>
6: <% end %>

    app/controllers/beverages_controller.rb:29:in `current_beverage'
    (eval):2:in `send'
    (eval):2:in `current_beverage'
    app/views/beverages/new.html.erb:3
    /opt/local/lib/ruby/1.8/webrick/httpserver.rb:104:in `service'
    /opt/local/lib/ruby/1.8/webrick/httpserver.rb:65:in `run'
    /opt/local/lib/ruby/1.8/webrick/server.rb:173:in `start_thread'
    /opt/local/lib/ruby/1.8/webrick/server.rb:162:in `start'
    /opt/local/lib/ruby/1.8/webrick/server.rb:162:in `start_thread'
    /opt/local/lib/ruby/1.8/webrick/server.rb:95:in `start'
    /opt/local/lib/ruby/1.8/webrick/server.rb:92:in `each'
    /opt/local/lib/ruby/1.8/webrick/server.rb:92:in `start'
    /opt/local/lib/ruby/1.8/webrick/server.rb:23:in `start'
    /opt/local/lib/ruby/1.8/webrick/server.rb:82:in `start'

Rendered rescues/_trace (48.9ms)
Rendered rescues/_request_and_response (4.7ms)
Rendering rescues/layout (internal_server_error)


Processing BeveragesController#new (for ::1 at 2009-09-19 11:37:54) [GET]
Rendering beverages/new
  [4;36;1mBeverage Load (0.2ms)[0m   [0;1mSELECT * FROM "beverages" WHERE ("beverages"."id" IS NULL) LIMIT 1[0m
Completed in 29ms (View: 23, DB: 0) | 200 OK [http://localhost/beverages/new]


Processing BeveragesController#new (for ::1 at 2009-09-19 11:38:13) [GET]
Rendering beverages/new
  [4;35;1mBeverage Load (0.2ms)[0m   [0mSELECT * FROM "beverages" WHERE ("beverages"."id" IS NULL) LIMIT 1[0m
Completed in 15ms (View: 13, DB: 0) | 200 OK [http://localhost/beverages/new]


Processing BeveragesController#new (for ::1 at 2009-09-19 11:38:57) [GET]
Rendering beverages/new
  [4;36;1mBeverage Load (0.2ms)[0m   [0;1mSELECT * FROM "beverages" WHERE ("beverages"."id" IS NULL) LIMIT 1[0m
Rendered beverages/_form (9.2ms)
Completed in 19ms (View: 18, DB: 0) | 200 OK [http://localhost/beverages/new]


Processing BeveragesController#create (for ::1 at 2009-09-19 11:39:09) [POST]
  Parameters: {"commit"=>"Save", "beverage"=>{"name"=>"New drink"}, "authenticity_token"=>"HEuzFQIAeusGbCEciXAQG/oFMCG4RMH+oj7uE5d91kM="}
  [4;35;1mBeverage Create (0.5ms)[0m   [0mINSERT INTO "beverages" ("beverage_type_id", "name", "created_at", "carbonated", "updated_at", "description") VALUES(NULL, 'New drink', '2009-09-19 15:39:09', NULL, '2009-09-19 15:39:09', NULL)[0m
Redirected to http://localhost:3000/beverages/3
Completed in 11ms (DB: 0) | 302 Found [http://localhost/beverages]


Processing BeveragesController#show (for ::1 at 2009-09-19 11:39:09) [GET]
  Parameters: {"id"=>"3"}

ActionController::UnknownAction (No action responded to show. Actions: create, destroy, index, new, and update):
  /opt/local/lib/ruby/1.8/webrick/httpserver.rb:104:in `service'
  /opt/local/lib/ruby/1.8/webrick/httpserver.rb:65:in `run'
  /opt/local/lib/ruby/1.8/webrick/server.rb:173:in `start_thread'
  /opt/local/lib/ruby/1.8/webrick/server.rb:162:in `start'
  /opt/local/lib/ruby/1.8/webrick/server.rb:162:in `start_thread'
  /opt/local/lib/ruby/1.8/webrick/server.rb:95:in `start'
  /opt/local/lib/ruby/1.8/webrick/server.rb:92:in `each'
  /opt/local/lib/ruby/1.8/webrick/server.rb:92:in `start'
  /opt/local/lib/ruby/1.8/webrick/server.rb:23:in `start'
  /opt/local/lib/ruby/1.8/webrick/server.rb:82:in `start'

Rendering rescues/layout (not_found)


Processing BeveragesController#show (for ::1 at 2009-09-19 11:39:56) [GET]
  Parameters: {"id"=>"3"}
Rendering beverages/show
  [4;36;1mBeverage Load (0.3ms)[0m   [0;1mSELECT * FROM "beverages" WHERE ("beverages"."id" = '3') LIMIT 1[0m
Completed in 79ms (View: 77, DB: 0) | 200 OK [http://localhost/beverages/3]


Processing BeveragesController#show (for ::1 at 2009-09-19 11:40:01) [GET]
  Parameters: {"id"=>"3"}
Rendering beverages/show
  [4;35;1mBeverage Load (0.3ms)[0m   [0mSELECT * FROM "beverages" WHERE ("beverages"."id" = '3') LIMIT 1[0m
Completed in 8ms (View: 7, DB: 0) | 200 OK [http://localhost/beverages/3]


Processing BeveragesController#show (for ::1 at 2009-09-19 11:40:10) [GET]
  Parameters: {"id"=>"3"}
Rendering beverages/show
  [4;36;1mBeverage Load (0.2ms)[0m   [0;1mSELECT * FROM "beverages" WHERE ("beverages"."id" = '3') LIMIT 1[0m
Completed in 12ms (View: 10, DB: 0) | 200 OK [http://localhost/beverages/3]


Processing BeveragesController#edit (for ::1 at 2009-09-19 11:40:11) [GET]
  Parameters: {"id"=>"3"}

ActionController::UnknownAction (No action responded to edit. Actions: create, destroy, index, new, show, and update):
  /opt/local/lib/ruby/1.8/webrick/httpserver.rb:104:in `service'
  /opt/local/lib/ruby/1.8/webrick/httpserver.rb:65:in `run'
  /opt/local/lib/ruby/1.8/webrick/server.rb:173:in `start_thread'
  /opt/local/lib/ruby/1.8/webrick/server.rb:162:in `start'
  /opt/local/lib/ruby/1.8/webrick/server.rb:162:in `start_thread'
  /opt/local/lib/ruby/1.8/webrick/server.rb:95:in `start'
  /opt/local/lib/ruby/1.8/webrick/server.rb:92:in `each'
  /opt/local/lib/ruby/1.8/webrick/server.rb:92:in `start'
  /opt/local/lib/ruby/1.8/webrick/server.rb:23:in `start'
  /opt/local/lib/ruby/1.8/webrick/server.rb:82:in `start'

Rendering rescues/layout (not_found)


Processing BeveragesController#show (for ::1 at 2009-09-19 11:42:06) [GET]
  Parameters: {"id"=>"3"}
Rendering beverages/show
  [4;35;1mBeverage Load (0.3ms)[0m   [0mSELECT * FROM "beverages" WHERE ("beverages"."id" = '3') LIMIT 1[0m
Completed in 13ms (View: 11, DB: 0) | 200 OK [http://localhost/beverages/3]


Processing BeveragesController#edit (for ::1 at 2009-09-19 11:42:11) [GET]
  Parameters: {"id"=>"3"}
Rendering beverages/edit
  [4;36;1mBeverage Load (0.2ms)[0m   [0;1mSELECT * FROM "beverages" WHERE ("beverages"."id" = '3') LIMIT 1[0m
Rendered beverages/_form (2.5ms)
Completed in 14ms (View: 12, DB: 0) | 200 OK [http://localhost/beverages/3/edit]


Processing BeveragesController#update (for ::1 at 2009-09-19 11:43:32) [PUT]
  Parameters: {"commit"=>"Save", "beverage"=>{"name"=>"Amazing drink"}, "authenticity_token"=>"HEuzFQIAeusGbCEciXAQG/oFMCG4RMH+oj7uE5d91kM=", "id"=>"3"}
  [4;35;1mBeverage Load (0.2ms)[0m   [0mSELECT * FROM "beverages" WHERE ("beverages"."id" = '3') LIMIT 1[0m
  [4;36;1mBeverage Update (1.0ms)[0m   [0;1mUPDATE "beverages" SET "updated_at" = '2009-09-19 15:43:32', "name" = 'Amazing drink' WHERE "id" = 3[0m
Redirected to http://localhost:3000/beverages/3
Completed in 73ms (DB: 1) | 302 Found [http://localhost/beverages/3]


Processing BeveragesController#show (for ::1 at 2009-09-19 11:43:32) [GET]
  Parameters: {"id"=>"3"}
Rendering beverages/show
  [4;35;1mBeverage Load (0.2ms)[0m   [0mSELECT * FROM "beverages" WHERE ("beverages"."id" = '3') LIMIT 1[0m
Completed in 8ms (View: 7, DB: 0) | 200 OK [http://localhost/beverages/3]


Processing BeveragesController#edit (for ::1 at 2009-09-19 11:43:37) [GET]
  Parameters: {"id"=>"3"}
Rendering beverages/edit
  [4;36;1mBeverage Load (0.2ms)[0m   [0;1mSELECT * FROM "beverages" WHERE ("beverages"."id" = '3') LIMIT 1[0m
Rendered beverages/_form (2.7ms)
Completed in 10ms (View: 9, DB: 0) | 200 OK [http://localhost/beverages/3/edit]


Processing BeveragesController#update (for ::1 at 2009-09-19 11:43:38) [PUT]
  Parameters: {"commit"=>"Save", "beverage"=>{"name"=>"Amazing drink 2"}, "authenticity_token"=>"HEuzFQIAeusGbCEciXAQG/oFMCG4RMH+oj7uE5d91kM=", "id"=>"3"}
  [4;35;1mBeverage Load (0.3ms)[0m   [0mSELECT * FROM "beverages" WHERE ("beverages"."id" = '3') LIMIT 1[0m
  [4;36;1mBeverage Update (0.4ms)[0m   [0;1mUPDATE "beverages" SET "updated_at" = '2009-09-19 15:43:38', "name" = 'Amazing drink 2' WHERE "id" = 3[0m
Redirected to http://localhost:3000/beverages/3
Completed in 11ms (DB: 1) | 302 Found [http://localhost/beverages/3]


Processing BeveragesController#show (for ::1 at 2009-09-19 11:43:39) [GET]
  Parameters: {"id"=>"3"}
Rendering beverages/show
  [4;35;1mBeverage Load (0.2ms)[0m   [0mSELECT * FROM "beverages" WHERE ("beverages"."id" = '3') LIMIT 1[0m
Completed in 8ms (View: 6, DB: 0) | 200 OK [http://localhost/beverages/3]


Processing BeveragesController#show (for ::1 at 2009-09-19 11:43:56) [GET]
  Parameters: {"id"=>"3"}
Rendering beverages/show
  [4;36;1mBeverage Load (0.3ms)[0m   [0;1mSELECT * FROM "beverages" WHERE ("beverages"."id" = '3') LIMIT 1[0m
Completed in 19ms (View: 13, DB: 0) | 200 OK [http://localhost/beverages/3]


Processing BeveragesController#index (for ::1 at 2009-09-19 11:43:57) [GET]
  [4;35;1mBeverage Load (0.8ms)[0m   [0mSELECT * FROM "beverages" [0m
Rendering beverages/index
Completed in 14ms (View: 9, DB: 1) | 200 OK [http://localhost/beverages]


Processing BeveragesController#index (for ::1 at 2009-09-19 11:44:12) [GET]
  [4;36;1mBeverage Load (0.7ms)[0m   [0;1mSELECT * FROM "beverages" [0m
Rendering beverages/index
Completed in 76ms (View: 71, DB: 1) | 200 OK [http://localhost/beverages]


Processing BeveragesController#show (for ::1 at 2009-09-19 11:44:13) [GET]
  Parameters: {"id"=>"3"}
Rendering beverages/show
  [4;35;1mBeverage Load (0.3ms)[0m   [0mSELECT * FROM "beverages" WHERE ("beverages"."id" = '3') LIMIT 1[0m
Completed in 9ms (View: 7, DB: 0) | 200 OK [http://localhost/beverages/3]


Processing BeveragesController#show (for ::1 at 2009-09-19 11:44:14) [GET]
  Parameters: {"id"=>"2"}
Rendering beverages/show
  [4;36;1mBeverage Load (0.2ms)[0m   [0;1mSELECT * FROM "beverages" WHERE ("beverages"."id" = '2') LIMIT 1[0m
Completed in 8ms (View: 6, DB: 0) | 200 OK [http://localhost/beverages/2]


Processing BeveragesController#edit (for ::1 at 2009-09-19 11:44:16) [GET]
  Parameters: {"id"=>"2"}
Rendering beverages/edit
  [4;35;1mBeverage Load (0.2ms)[0m   [0mSELECT * FROM "beverages" WHERE ("beverages"."id" = '2') LIMIT 1[0m
Rendered beverages/_form (2.5ms)
Completed in 10ms (View: 8, DB: 0) | 200 OK [http://localhost/beverages/2/edit]


Processing BeveragesController#update (for ::1 at 2009-09-19 11:44:17) [PUT]
  Parameters: {"commit"=>"Save", "beverage"=>{"name"=>"Margarita 234234"}, "authenticity_token"=>"HEuzFQIAeusGbCEciXAQG/oFMCG4RMH+oj7uE5d91kM=", "id"=>"2"}
  [4;36;1mBeverage Load (0.2ms)[0m   [0;1mSELECT * FROM "beverages" WHERE ("beverages"."id" = '2') LIMIT 1[0m
  [4;35;1mBeverage Update (0.3ms)[0m   [0mUPDATE "beverages" SET "updated_at" = '2009-09-19 15:44:17', "name" = 'Margarita 234234' WHERE "id" = 2[0m
Redirected to http://localhost:3000/beverages/2
Completed in 11ms (DB: 1) | 302 Found [http://localhost/beverages/2]


Processing BeveragesController#show (for ::1 at 2009-09-19 11:44:17) [GET]
  Parameters: {"id"=>"2"}
Rendering beverages/show
  [4;36;1mBeverage Load (0.2ms)[0m   [0;1mSELECT * FROM "beverages" WHERE ("beverages"."id" = '2') LIMIT 1[0m
Completed in 8ms (View: 6, DB: 0) | 200 OK [http://localhost/beverages/2]


Processing BeveragesController#show (for ::1 at 2009-09-19 11:44:44) [GET]
  Parameters: {"id"=>"2"}
Rendering beverages/show
  [4;35;1mBeverage Load (0.3ms)[0m   [0mSELECT * FROM "beverages" WHERE ("beverages"."id" = '2') LIMIT 1[0m
Completed in 16ms (View: 14, DB: 0) | 200 OK [http://localhost/beverages/2]


Processing ApplicationController#index (for ::1 at 2009-09-19 11:45:49) [POST]
  Parameters: {"authenticity_token"=>"HEuzFQIAeusGbCEciXAQG/oFMCG4RMH+oj7uE5d91kM="}

ActionController::MethodNotAllowed (Only get, put, and delete requests are allowed.):
  /opt/local/lib/ruby/1.8/webrick/httpserver.rb:104:in `service'
  /opt/local/lib/ruby/1.8/webrick/httpserver.rb:65:in `run'
  /opt/local/lib/ruby/1.8/webrick/server.rb:173:in `start_thread'
  /opt/local/lib/ruby/1.8/webrick/server.rb:162:in `start'
  /opt/local/lib/ruby/1.8/webrick/server.rb:162:in `start_thread'
  /opt/local/lib/ruby/1.8/webrick/server.rb:95:in `start'
  /opt/local/lib/ruby/1.8/webrick/server.rb:92:in `each'
  /opt/local/lib/ruby/1.8/webrick/server.rb:92:in `start'
  /opt/local/lib/ruby/1.8/webrick/server.rb:23:in `start'
  /opt/local/lib/ruby/1.8/webrick/server.rb:82:in `start'

Rendered rescues/_trace (21.7ms)
Rendered rescues/_request_and_response (0.4ms)
Rendering rescues/layout (method_not_allowed)


Processing ApplicationController#index (for ::1 at 2009-09-19 11:46:01) [POST]
  Parameters: {"authenticity_token"=>"HEuzFQIAeusGbCEciXAQG/oFMCG4RMH+oj7uE5d91kM="}

ActionController::MethodNotAllowed (Only get, put, and delete requests are allowed.):
  /opt/local/lib/ruby/1.8/webrick/httpserver.rb:104:in `service'
  /opt/local/lib/ruby/1.8/webrick/httpserver.rb:65:in `run'
  /opt/local/lib/ruby/1.8/webrick/server.rb:173:in `start_thread'
  /opt/local/lib/ruby/1.8/webrick/server.rb:162:in `start'
  /opt/local/lib/ruby/1.8/webrick/server.rb:162:in `start_thread'
  /opt/local/lib/ruby/1.8/webrick/server.rb:95:in `start'
  /opt/local/lib/ruby/1.8/webrick/server.rb:92:in `each'
  /opt/local/lib/ruby/1.8/webrick/server.rb:92:in `start'
  /opt/local/lib/ruby/1.8/webrick/server.rb:23:in `start'
  /opt/local/lib/ruby/1.8/webrick/server.rb:82:in `start'

Rendered rescues/_trace (23.4ms)
Rendered rescues/_request_and_response (1.2ms)
Rendering rescues/layout (method_not_allowed)


Processing BeveragesController#index (for ::1 at 2009-09-19 11:46:10) [GET]
  [4;36;1mBeverage Load (1.0ms)[0m   [0;1mSELECT * FROM "beverages" [0m
Rendering beverages/index
Completed in 29ms (View: 21, DB: 1) | 200 OK [http://localhost/beverages/]


Processing BeveragesController#show (for ::1 at 2009-09-19 11:46:13) [GET]
  Parameters: {"id"=>"1"}
Rendering beverages/show
  [4;35;1mBeverage Load (0.4ms)[0m   [0mSELECT * FROM "beverages" WHERE ("beverages"."id" = '1') LIMIT 1[0m
Completed in 82ms (View: 80, DB: 0) | 200 OK [http://localhost/beverages/1]


Processing BeveragesController#index (for ::1 at 2009-09-19 11:46:36) [GET]
  [4;36;1mBeverage Load (0.7ms)[0m   [0;1mSELECT * FROM "beverages" [0m
Rendering beverages/index
Completed in 15ms (View: 10, DB: 1) | 200 OK [http://localhost/beverages/]


Processing BeveragesController#new (for ::1 at 2009-09-19 11:46:37) [GET]
Rendering beverages/new
  [4;35;1mBeverage Load (0.3ms)[0m   [0mSELECT * FROM "beverages" WHERE ("beverages"."id" IS NULL) LIMIT 1[0m
Rendered beverages/_form (9.3ms)
Completed in 18ms (View: 16, DB: 0) | 200 OK [http://localhost/beverages/new]


Processing BeveragesController#create (for ::1 at 2009-09-19 11:46:39) [POST]
  Parameters: {"commit"=>"Save", "beverage"=>{"name"=>"test"}, "authenticity_token"=>"HEuzFQIAeusGbCEciXAQG/oFMCG4RMH+oj7uE5d91kM="}
  [4;36;1mBeverage Create (0.6ms)[0m   [0;1mINSERT INTO "beverages" ("beverage_type_id", "name", "created_at", "carbonated", "updated_at", "description") VALUES(NULL, 'test', '2009-09-19 15:46:39', NULL, '2009-09-19 15:46:39', NULL)[0m
Redirected to http://localhost:3000/beverages/4
Completed in 9ms (DB: 1) | 302 Found [http://localhost/beverages]


Processing BeveragesController#show (for ::1 at 2009-09-19 11:46:39) [GET]
  Parameters: {"id"=>"4"}
Rendering beverages/show
  [4;35;1mBeverage Load (0.2ms)[0m   [0mSELECT * FROM "beverages" WHERE ("beverages"."id" = '4') LIMIT 1[0m
Completed in 11ms (View: 10, DB: 0) | 200 OK [http://localhost/beverages/4]


Processing BeveragesController#index (for ::1 at 2009-09-19 11:46:41) [GET]
  [4;36;1mBeverage Load (0.8ms)[0m   [0;1mSELECT * FROM "beverages" [0m
Rendering beverages/index
Completed in 10ms (View: 6, DB: 1) | 200 OK [http://localhost/beverages]


Processing BeveragesController#show (for ::1 at 2009-09-19 11:49:42) [GET]
  Parameters: {"id"=>"2"}
Rendering beverages/show
  [4;35;1mBeverage Load (0.3ms)[0m   [0mSELECT * FROM "beverages" WHERE ("beverages"."id" = '2') LIMIT 1[0m
Completed in 11ms (View: 10, DB: 0) | 200 OK [http://localhost/beverages/2]


Processing BeveragesController#show (for ::1 at 2009-09-19 11:50:43) [GET]
  Parameters: {"id"=>"1"}
Rendering beverages/show
  [4;36;1mBeverage Load (0.2ms)[0m   [0;1mSELECT * FROM "beverages" WHERE ("beverages"."id" = '1') LIMIT 1[0m
Completed in 11ms (View: 10, DB: 0) | 200 OK [http://localhost/beverages/1]


Processing BeveragesController#show (for ::1 at 2009-09-19 11:52:01) [GET]
  Parameters: {"id"=>"1"}
Rendering beverages/show
  [4;35;1mBeverage Load (0.3ms)[0m   [0mSELECT * FROM "beverages" WHERE ("beverages"."id" = '1') LIMIT 1[0m

ActionView::TemplateError (You have a nil object when you didn't expect it!
The error occurred while evaluating nil.alcoholic?) on line #3 of app/views/beverages/show.html.erb:
1: <h1>Beverage is: <%= current_beverage.name %></h1>
2: 
3: <h3><%= display_sellable_message %></h3>
4: 
5: <%= link_to 'Edit this', edit_beverage_path(current_beverage) %>
6: <br/>

    app/models/beverage.rb:6:in `alcoholic?'
    app/helpers/beverages_helper.rb:4:in `display_sellable_message'
    app/views/beverages/show.html.erb:3
    /opt/local/lib/ruby/1.8/webrick/httpserver.rb:104:in `service'
    /opt/local/lib/ruby/1.8/webrick/httpserver.rb:65:in `run'
    /opt/local/lib/ruby/1.8/webrick/server.rb:173:in `start_thread'
    /opt/local/lib/ruby/1.8/webrick/server.rb:162:in `start'
    /opt/local/lib/ruby/1.8/webrick/server.rb:162:in `start_thread'
    /opt/local/lib/ruby/1.8/webrick/server.rb:95:in `start'
    /opt/local/lib/ruby/1.8/webrick/server.rb:92:in `each'
    /opt/local/lib/ruby/1.8/webrick/server.rb:92:in `start'
    /opt/local/lib/ruby/1.8/webrick/server.rb:23:in `start'
    /opt/local/lib/ruby/1.8/webrick/server.rb:82:in `start'

Rendered rescues/_trace (37.9ms)
Rendered rescues/_request_and_response (0.3ms)
Rendering rescues/layout (internal_server_error)


Processing BeveragesController#show (for ::1 at 2009-09-19 11:52:38) [GET]
  Parameters: {"id"=>"1"}
Rendering beverages/show
  [4;36;1mBeverage Load (0.3ms)[0m   [0;1mSELECT * FROM "beverages" WHERE ("beverages"."id" = '1') LIMIT 1[0m
Completed in 16ms (View: 14, DB: 0) | 200 OK [http://localhost/beverages/1]


Processing BeveragesController#edit (for ::1 at 2009-09-19 11:52:40) [GET]
  Parameters: {"id"=>"1"}
Rendering beverages/edit
  [4;35;1mBeverage Load (0.3ms)[0m   [0mSELECT * FROM "beverages" WHERE ("beverages"."id" = '1') LIMIT 1[0m
Rendered beverages/_form (2.6ms)
Completed in 20ms (View: 13, DB: 0) | 200 OK [http://localhost/beverages/1/edit]


Processing BeveragesController#edit (for ::1 at 2009-09-19 11:53:33) [GET]
  Parameters: {"id"=>"1"}
Rendering beverages/edit
  [4;36;1mBeverage Load (0.3ms)[0m   [0;1mSELECT * FROM "beverages" WHERE ("beverages"."id" = '1') LIMIT 1[0m
  [4;35;1mBeverageType Load (0.3ms)[0m   [0mSELECT * FROM "beverage_types" [0m
Rendered beverages/_form (9.5ms)
Completed in 26ms (View: 24, DB: 1) | 200 OK [http://localhost/beverages/1/edit]


Processing BeveragesController#edit (for ::1 at 2009-09-19 11:53:41) [GET]
  Parameters: {"id"=>"1"}
Rendering beverages/edit
  [4;36;1mBeverage Load (0.4ms)[0m   [0;1mSELECT * FROM "beverages" WHERE ("beverages"."id" = '1') LIMIT 1[0m
  [4;35;1mBeverageType Load (0.2ms)[0m   [0mSELECT * FROM "beverage_types" [0m
Rendered beverages/_form (7.6ms)
Completed in 21ms (View: 19, DB: 1) | 200 OK [http://localhost/beverages/1/edit]
  [4;36;1mBeverageType Create (0.8ms)[0m   [0;1mINSERT INTO "beverage_types" ("name", "created_at", "updated_at", "alcoholic") VALUES('Mixed', '2009-09-19 15:54:03', '2009-09-19 15:54:03', 't')[0m
  [4;35;1mBeverageType Create (0.5ms)[0m   [0mINSERT INTO "beverage_types" ("name", "created_at", "updated_at", "alcoholic") VALUES('Sweet', '2009-09-19 15:54:11', '2009-09-19 15:54:11', 'f')[0m


Processing BeveragesController#edit (for ::1 at 2009-09-19 11:54:18) [GET]
  Parameters: {"id"=>"1"}
Rendering beverages/edit
  [4;36;1mBeverage Load (0.4ms)[0m   [0;1mSELECT * FROM "beverages" WHERE ("beverages"."id" = '1') LIMIT 1[0m
  [4;35;1mBeverageType Load (0.4ms)[0m   [0mSELECT * FROM "beverage_types" [0m
Rendered beverages/_form (19.7ms)
Completed in 45ms (View: 43, DB: 1) | 200 OK [http://localhost/beverages/1/edit]


Processing BeveragesController#edit (for ::1 at 2009-09-19 11:54:28) [GET]
  Parameters: {"id"=>"1"}
Rendering beverages/edit
  [4;36;1mBeverage Load (0.3ms)[0m   [0;1mSELECT * FROM "beverages" WHERE ("beverages"."id" = '1') LIMIT 1[0m
  [4;35;1mBeverageType Load (0.4ms)[0m   [0mSELECT * FROM "beverage_types" [0m
Rendered beverages/_form (9.9ms)
Completed in 23ms (View: 21, DB: 1) | 200 OK [http://localhost/beverages/1/edit]


Processing BeveragesController#update (for ::1 at 2009-09-19 11:54:32) [PUT]
  Parameters: {"commit"=>"Save", "beverage"=>{"name"=>"Lemonade", "beverage_type"=>"1"}, "authenticity_token"=>"HEuzFQIAeusGbCEciXAQG/oFMCG4RMH+oj7uE5d91kM=", "id"=>"1"}
  [4;36;1mBeverage Load (0.2ms)[0m   [0;1mSELECT * FROM "beverages" WHERE ("beverages"."id" = '1') LIMIT 1[0m

ActiveRecord::AssociationTypeMismatch (BeverageType(#2156056960) expected, got String(#2148312060)):
  app/controllers/beverages_controller.rb:22:in `update'
  /opt/local/lib/ruby/1.8/webrick/httpserver.rb:104:in `service'
  /opt/local/lib/ruby/1.8/webrick/httpserver.rb:65:in `run'
  /opt/local/lib/ruby/1.8/webrick/server.rb:173:in `start_thread'
  /opt/local/lib/ruby/1.8/webrick/server.rb:162:in `start'
  /opt/local/lib/ruby/1.8/webrick/server.rb:162:in `start_thread'
  /opt/local/lib/ruby/1.8/webrick/server.rb:95:in `start'
  /opt/local/lib/ruby/1.8/webrick/server.rb:92:in `each'
  /opt/local/lib/ruby/1.8/webrick/server.rb:92:in `start'
  /opt/local/lib/ruby/1.8/webrick/server.rb:23:in `start'
  /opt/local/lib/ruby/1.8/webrick/server.rb:82:in `start'

Rendered rescues/_trace (35.6ms)
Rendered rescues/_request_and_response (1.2ms)
Rendering rescues/layout (internal_server_error)


Processing BeveragesController#edit (for ::1 at 2009-09-19 11:54:46) [GET]
  Parameters: {"id"=>"1"}
Rendering beverages/edit
  [4;35;1mBeverage Load (0.2ms)[0m   [0mSELECT * FROM "beverages" WHERE ("beverages"."id" = '1') LIMIT 1[0m
  [4;36;1mBeverageType Load (0.4ms)[0m   [0;1mSELECT * FROM "beverage_types" [0m
Rendered beverages/_form (9.6ms)
Completed in 22ms (View: 20, DB: 1) | 200 OK [http://localhost/beverages/1/edit]


Processing BeveragesController#update (for ::1 at 2009-09-19 11:54:47) [PUT]
  Parameters: {"commit"=>"Save", "beverage"=>{"beverage_type_id"=>"1", "name"=>"Lemonade"}, "authenticity_token"=>"HEuzFQIAeusGbCEciXAQG/oFMCG4RMH+oj7uE5d91kM=", "id"=>"1"}
  [4;35;1mBeverage Load (0.3ms)[0m   [0mSELECT * FROM "beverages" WHERE ("beverages"."id" = '1') LIMIT 1[0m
  [4;36;1mBeverage Update (0.4ms)[0m   [0;1mUPDATE "beverages" SET "updated_at" = '2009-09-19 15:54:47', "beverage_type_id" = 1 WHERE "id" = 1[0m
Redirected to http://localhost:3000/beverages/1
Completed in 11ms (DB: 1) | 302 Found [http://localhost/beverages/1]


Processing BeveragesController#show (for ::1 at 2009-09-19 11:54:47) [GET]
  Parameters: {"id"=>"1"}
Rendering beverages/show
  [4;35;1mBeverage Load (0.4ms)[0m   [0mSELECT * FROM "beverages" WHERE ("beverages"."id" = '1') LIMIT 1[0m
Completed in 15ms (View: 14, DB: 0) | 200 OK [http://localhost/beverages/1]


Processing BeveragesController#index (for ::1 at 2009-09-19 11:54:50) [GET]
  [4;36;1mBeverage Load (0.7ms)[0m   [0;1mSELECT * FROM "beverages" [0m
Rendering beverages/index
Completed in 81ms (View: 8, DB: 1) | 200 OK [http://localhost/beverages]


Processing BeveragesController#show (for ::1 at 2009-09-19 11:54:51) [GET]
  Parameters: {"id"=>"3"}
Rendering beverages/show
  [4;35;1mBeverage Load (0.2ms)[0m   [0mSELECT * FROM "beverages" WHERE ("beverages"."id" = '3') LIMIT 1[0m
Completed in 11ms (View: 10, DB: 0) | 200 OK [http://localhost/beverages/3]


Processing BeveragesController#edit (for ::1 at 2009-09-19 11:54:52) [GET]
  Parameters: {"id"=>"3"}
Rendering beverages/edit
  [4;36;1mBeverage Load (0.2ms)[0m   [0;1mSELECT * FROM "beverages" WHERE ("beverages"."id" = '3') LIMIT 1[0m
  [4;35;1mBeverageType Load (0.4ms)[0m   [0mSELECT * FROM "beverage_types" [0m
Rendered beverages/_form (8.8ms)
Completed in 17ms (View: 15, DB: 1) | 200 OK [http://localhost/beverages/3/edit]


Processing BeveragesController#update (for ::1 at 2009-09-19 11:54:55) [PUT]
  Parameters: {"commit"=>"Save", "beverage"=>{"beverage_type_id"=>"1", "name"=>"Amazing drink 2"}, "authenticity_token"=>"HEuzFQIAeusGbCEciXAQG/oFMCG4RMH+oj7uE5d91kM=", "id"=>"3"}
  [4;36;1mBeverage Load (0.2ms)[0m   [0;1mSELECT * FROM "beverages" WHERE ("beverages"."id" = '3') LIMIT 1[0m
  [4;35;1mBeverage Update (0.4ms)[0m   [0mUPDATE "beverages" SET "updated_at" = '2009-09-19 15:54:55', "beverage_type_id" = 1 WHERE "id" = 3[0m
Redirected to http://localhost:3000/beverages/3
Completed in 11ms (DB: 1) | 302 Found [http://localhost/beverages/3]


Processing BeveragesController#show (for ::1 at 2009-09-19 11:54:55) [GET]
  Parameters: {"id"=>"3"}
Rendering beverages/show
  [4;36;1mBeverage Load (0.2ms)[0m   [0;1mSELECT * FROM "beverages" WHERE ("beverages"."id" = '3') LIMIT 1[0m
Completed in 11ms (View: 10, DB: 0) | 200 OK [http://localhost/beverages/3]


Processing BeveragesController#index (for ::1 at 2009-09-19 11:54:56) [GET]
  [4;35;1mBeverage Load (0.7ms)[0m   [0mSELECT * FROM "beverages" [0m
Rendering beverages/index
Completed in 9ms (View: 5, DB: 1) | 200 OK [http://localhost/beverages]


Processing BeveragesController#show (for ::1 at 2009-09-19 11:54:57) [GET]
  Parameters: {"id"=>"1"}
Rendering beverages/show
  [4;36;1mBeverage Load (0.3ms)[0m   [0;1mSELECT * FROM "beverages" WHERE ("beverages"."id" = '1') LIMIT 1[0m
Completed in 11ms (View: 10, DB: 0) | 200 OK [http://localhost/beverages/1]


Processing BeveragesController#edit (for ::1 at 2009-09-19 11:54:58) [GET]
  Parameters: {"id"=>"1"}
Rendering beverages/edit
  [4;35;1mBeverage Load (0.3ms)[0m   [0mSELECT * FROM "beverages" WHERE ("beverages"."id" = '1') LIMIT 1[0m
  [4;36;1mBeverageType Load (0.5ms)[0m   [0;1mSELECT * FROM "beverage_types" [0m
Rendered beverages/_form (8.2ms)
Completed in 17ms (View: 14, DB: 1) | 200 OK [http://localhost/beverages/1/edit]


Processing BeveragesController#update (for ::1 at 2009-09-19 11:55:00) [PUT]
  Parameters: {"commit"=>"Save", "beverage"=>{"beverage_type_id"=>"2", "name"=>"Lemonade"}, "authenticity_token"=>"HEuzFQIAeusGbCEciXAQG/oFMCG4RMH+oj7uE5d91kM=", "id"=>"1"}
  [4;35;1mBeverage Load (0.2ms)[0m   [0mSELECT * FROM "beverages" WHERE ("beverages"."id" = '1') LIMIT 1[0m
  [4;36;1mBeverage Update (0.7ms)[0m   [0;1mUPDATE "beverages" SET "updated_at" = '2009-09-19 15:55:00', "beverage_type_id" = 2 WHERE "id" = 1[0m
Redirected to http://localhost:3000/beverages/1
Completed in 11ms (DB: 1) | 302 Found [http://localhost/beverages/1]


Processing BeveragesController#show (for ::1 at 2009-09-19 11:55:00) [GET]
  Parameters: {"id"=>"1"}
Rendering beverages/show
  [4;35;1mBeverage Load (0.4ms)[0m   [0mSELECT * FROM "beverages" WHERE ("beverages"."id" = '1') LIMIT 1[0m
Completed in 12ms (View: 10, DB: 0) | 200 OK [http://localhost/beverages/1]


Processing BeveragesController#edit (for ::1 at 2009-09-19 11:55:01) [GET]
  Parameters: {"id"=>"1"}
Rendering beverages/edit
  [4;36;1mBeverage Load (0.3ms)[0m   [0;1mSELECT * FROM "beverages" WHERE ("beverages"."id" = '1') LIMIT 1[0m
  [4;35;1mBeverageType Load (0.3ms)[0m   [0mSELECT * FROM "beverage_types" [0m
Rendered beverages/_form (7.8ms)
Completed in 16ms (View: 14, DB: 1) | 200 OK [http://localhost/beverages/1/edit]


Processing BeveragesController#index (for ::1 at 2009-09-19 11:55:05) [GET]
  [4;36;1mBeverage Load (0.7ms)[0m   [0;1mSELECT * FROM "beverages" [0m
Rendering beverages/index
Completed in 9ms (View: 5, DB: 1) | 200 OK [http://localhost/beverages]


Processing BeveragesController#show (for ::1 at 2009-09-19 11:55:06) [GET]
  Parameters: {"id"=>"2"}
Rendering beverages/show
  [4;35;1mBeverage Load (0.3ms)[0m   [0mSELECT * FROM "beverages" WHERE ("beverages"."id" = '2') LIMIT 1[0m
Completed in 11ms (View: 9, DB: 0) | 200 OK [http://localhost/beverages/2]


Processing BeveragesController#edit (for ::1 at 2009-09-19 11:55:07) [GET]
  Parameters: {"id"=>"2"}
Rendering beverages/edit
  [4;36;1mBeverage Load (0.2ms)[0m   [0;1mSELECT * FROM "beverages" WHERE ("beverages"."id" = '2') LIMIT 1[0m
  [4;35;1mBeverageType Load (0.3ms)[0m   [0mSELECT * FROM "beverage_types" [0m
Rendered beverages/_form (8.1ms)
Completed in 77ms (View: 75, DB: 1) | 200 OK [http://localhost/beverages/2/edit]


Processing BeveragesController#update (for ::1 at 2009-09-19 11:55:08) [PUT]
  Parameters: {"commit"=>"Save", "beverage"=>{"beverage_type_id"=>"1", "name"=>"Margarita 234234"}, "authenticity_token"=>"HEuzFQIAeusGbCEciXAQG/oFMCG4RMH+oj7uE5d91kM=", "id"=>"2"}
  [4;36;1mBeverage Load (0.3ms)[0m   [0;1mSELECT * FROM "beverages" WHERE ("beverages"."id" = '2') LIMIT 1[0m
  [4;35;1mBeverage Update (0.3ms)[0m   [0mUPDATE "beverages" SET "updated_at" = '2009-09-19 15:55:08', "beverage_type_id" = 1 WHERE "id" = 2[0m
Redirected to http://localhost:3000/beverages/2
Completed in 11ms (DB: 1) | 302 Found [http://localhost/beverages/2]


Processing BeveragesController#show (for ::1 at 2009-09-19 11:55:08) [GET]
  Parameters: {"id"=>"2"}
Rendering beverages/show
  [4;36;1mBeverage Load (0.3ms)[0m   [0;1mSELECT * FROM "beverages" WHERE ("beverages"."id" = '2') LIMIT 1[0m
Completed in 12ms (View: 10, DB: 0) | 200 OK [http://localhost/beverages/2]


Processing BeveragesController#index (for ::1 at 2009-09-19 11:55:10) [GET]
  [4;35;1mBeverage Load (0.7ms)[0m   [0mSELECT * FROM "beverages" [0m
Rendering beverages/index
Completed in 10ms (View: 5, DB: 1) | 200 OK [http://localhost/beverages]


Processing BeveragesController#show (for ::1 at 2009-09-19 11:55:10) [GET]
  Parameters: {"id"=>"4"}
Rendering beverages/show
  [4;36;1mBeverage Load (0.2ms)[0m   [0;1mSELECT * FROM "beverages" WHERE ("beverages"."id" = '4') LIMIT 1[0m
Completed in 11ms (View: 9, DB: 0) | 200 OK [http://localhost/beverages/4]


Processing BeveragesController#edit (for ::1 at 2009-09-19 11:55:11) [GET]
  Parameters: {"id"=>"4"}
Rendering beverages/edit
  [4;35;1mBeverage Load (0.3ms)[0m   [0mSELECT * FROM "beverages" WHERE ("beverages"."id" = '4') LIMIT 1[0m
  [4;36;1mBeverageType Load (0.4ms)[0m   [0;1mSELECT * FROM "beverage_types" [0m
Rendered beverages/_form (8.1ms)
Completed in 16ms (View: 14, DB: 1) | 200 OK [http://localhost/beverages/4/edit]


Processing BeveragesController#update (for ::1 at 2009-09-19 11:55:14) [PUT]
  Parameters: {"commit"=>"Save", "beverage"=>{"beverage_type_id"=>"2", "name"=>"test"}, "authenticity_token"=>"HEuzFQIAeusGbCEciXAQG/oFMCG4RMH+oj7uE5d91kM=", "id"=>"4"}
  [4;35;1mBeverage Load (0.3ms)[0m   [0mSELECT * FROM "beverages" WHERE ("beverages"."id" = '4') LIMIT 1[0m
  [4;36;1mBeverage Update (0.4ms)[0m   [0;1mUPDATE "beverages" SET "updated_at" = '2009-09-19 15:55:14', "beverage_type_id" = 2 WHERE "id" = 4[0m
Redirected to http://localhost:3000/beverages/4
Completed in 72ms (DB: 1) | 302 Found [http://localhost/beverages/4]


Processing BeveragesController#show (for ::1 at 2009-09-19 11:55:14) [GET]
  Parameters: {"id"=>"4"}
Rendering beverages/show
  [4;35;1mBeverage Load (0.3ms)[0m   [0mSELECT * FROM "beverages" WHERE ("beverages"."id" = '4') LIMIT 1[0m
Completed in 14ms (View: 12, DB: 0) | 200 OK [http://localhost/beverages/4]


Processing BeveragesController#index (for ::1 at 2009-09-19 11:55:15) [GET]
  [4;36;1mBeverage Load (0.7ms)[0m   [0;1mSELECT * FROM "beverages" [0m
Rendering beverages/index
Completed in 10ms (View: 5, DB: 1) | 200 OK [http://localhost/beverages]


Processing BeveragesController#show (for ::1 at 2009-09-19 11:55:21) [GET]
  Parameters: {"id"=>"1"}
Rendering beverages/show
  [4;35;1mBeverage Load (0.3ms)[0m   [0mSELECT * FROM "beverages" WHERE ("beverages"."id" = '1') LIMIT 1[0m
  [4;36;1mBeverageType Load (0.3ms)[0m   [0;1mSELECT * FROM "beverage_types" WHERE ("beverage_types"."id" = 2) [0m
Completed in 22ms (View: 20, DB: 1) | 200 OK [http://localhost/beverages/1]


Processing BeveragesController#show (for ::1 at 2009-09-19 11:55:24) [GET]
  Parameters: {"id"=>"2"}
Rendering beverages/show
  [4;35;1mBeverage Load (0.2ms)[0m   [0mSELECT * FROM "beverages" WHERE ("beverages"."id" = '2') LIMIT 1[0m
  [4;36;1mBeverageType Load (0.2ms)[0m   [0;1mSELECT * FROM "beverage_types" WHERE ("beverage_types"."id" = 1) [0m
Completed in 16ms (View: 14, DB: 0) | 200 OK [http://localhost/beverages/2]
  [4;36;1mBeverageType Create (0.5ms)[0m   [0;1mINSERT INTO "beverage_types" ("name", "created_at", "updated_at", "alcoholic") VALUES('Beer', '2009-09-19 15:56:35', '2009-09-19 15:56:35', 't')[0m
  [4;35;1mBeverageType Create (0.4ms)[0m   [0mINSERT INTO "beverage_types" ("name", "created_at", "updated_at", "alcoholic") VALUES('Wine', '2009-09-19 15:56:44', '2009-09-19 15:56:44', 't')[0m


Processing BeveragesController#edit (for ::1 at 2009-09-19 11:56:47) [GET]
  Parameters: {"id"=>"2"}
Rendering beverages/edit
  [4;35;1mBeverage Load (0.3ms)[0m   [0mSELECT * FROM "beverages" WHERE ("beverages"."id" = '2') LIMIT 1[0m
  [4;36;1mBeverageType Load (0.4ms)[0m   [0;1mSELECT * FROM "beverage_types" [0m
Rendered beverages/_form (8.4ms)
Completed in 17ms (View: 15, DB: 1) | 200 OK [http://localhost/beverages/2/edit]


Processing BeveragesController#alcoholic (for ::1 at 2009-09-19 11:57:16) [GET]

ActionController::UnknownAction (No action responded to alcoholic. Actions: create, destroy, edit, index, new, show, and update):
  /opt/local/lib/ruby/1.8/webrick/httpserver.rb:104:in `service'
  /opt/local/lib/ruby/1.8/webrick/httpserver.rb:65:in `run'
  /opt/local/lib/ruby/1.8/webrick/server.rb:173:in `start_thread'
  /opt/local/lib/ruby/1.8/webrick/server.rb:162:in `start'
  /opt/local/lib/ruby/1.8/webrick/server.rb:162:in `start_thread'
  /opt/local/lib/ruby/1.8/webrick/server.rb:95:in `start'
  /opt/local/lib/ruby/1.8/webrick/server.rb:92:in `each'
  /opt/local/lib/ruby/1.8/webrick/server.rb:92:in `start'
  /opt/local/lib/ruby/1.8/webrick/server.rb:23:in `start'
  /opt/local/lib/ruby/1.8/webrick/server.rb:82:in `start'

Rendering rescues/layout (not_found)


Processing BeveragesController#alcoholic (for ::1 at 2009-09-19 11:57:40) [GET]
  [4;35;1mSQL (0.6ms)[0m   [0m SELECT name
 FROM sqlite_master
 WHERE type = 'table' AND NOT name = 'sqlite_sequence'
[0m

NoMethodError (undefined method `alcoholic' for #<Class:0x104488c58>):
  app/controllers/beverages_controller.rb:8:in `alcoholic'
  /opt/local/lib/ruby/1.8/webrick/httpserver.rb:104:in `service'
  /opt/local/lib/ruby/1.8/webrick/httpserver.rb:65:in `run'
  /opt/local/lib/ruby/1.8/webrick/server.rb:173:in `start_thread'
  /opt/local/lib/ruby/1.8/webrick/server.rb:162:in `start'
  /opt/local/lib/ruby/1.8/webrick/server.rb:162:in `start_thread'
  /opt/local/lib/ruby/1.8/webrick/server.rb:95:in `start'
  /opt/local/lib/ruby/1.8/webrick/server.rb:92:in `each'
  /opt/local/lib/ruby/1.8/webrick/server.rb:92:in `start'
  /opt/local/lib/ruby/1.8/webrick/server.rb:23:in `start'
  /opt/local/lib/ruby/1.8/webrick/server.rb:82:in `start'

Rendered rescues/_trace (30.7ms)
Rendered rescues/_request_and_response (0.3ms)
Rendering rescues/layout (internal_server_error)


Processing BeveragesController#alcoholic (for ::1 at 2009-09-19 11:58:01) [GET]
  [4;36;1mSQL (0.6ms)[0m   [0;1m SELECT name
 FROM sqlite_master
 WHERE type = 'table' AND NOT name = 'sqlite_sequence'
[0m

NoMethodError (undefined method `alcoholic' for #<Class:0x1042f9658>):
  app/controllers/beverages_controller.rb:8:in `alcoholic'
  /opt/local/lib/ruby/1.8/webrick/httpserver.rb:104:in `service'
  /opt/local/lib/ruby/1.8/webrick/httpserver.rb:65:in `run'
  /opt/local/lib/ruby/1.8/webrick/server.rb:173:in `start_thread'
  /opt/local/lib/ruby/1.8/webrick/server.rb:162:in `start'
  /opt/local/lib/ruby/1.8/webrick/server.rb:162:in `start_thread'
  /opt/local/lib/ruby/1.8/webrick/server.rb:95:in `start'
  /opt/local/lib/ruby/1.8/webrick/server.rb:92:in `each'
  /opt/local/lib/ruby/1.8/webrick/server.rb:92:in `start'
  /opt/local/lib/ruby/1.8/webrick/server.rb:23:in `start'
  /opt/local/lib/ruby/1.8/webrick/server.rb:82:in `start'

Rendered rescues/_trace (31.8ms)
Rendered rescues/_request_and_response (0.3ms)
Rendering rescues/layout (internal_server_error)


Processing BeveragesController#alcoholic (for ::1 at 2009-09-19 11:58:49) [GET]
Rendering beverages/index
  [4;35;1mBeverage Load Including Associations (0.0ms)[0m   [0mSQLite3::SQLException: no such column: beverage_type.alcoholic: SELECT "beverages"."id" AS t0_r0, "beverages"."beverage_type_id" AS t0_r1, "beverages"."name" AS t0_r2, "beverages"."carbonated" AS t0_r3, "beverages"."description" AS t0_r4, "beverages"."created_at" AS t0_r5, "beverages"."updated_at" AS t0_r6, "beverage_types"."id" AS t1_r0, "beverage_types"."name" AS t1_r1, "beverage_types"."created_at" AS t1_r2, "beverage_types"."updated_at" AS t1_r3, "beverage_types"."alcoholic" AS t1_r4 FROM "beverages" LEFT OUTER JOIN "beverage_types" ON "beverage_types".id = "beverages".beverage_type_id WHERE ("beverage_type"."alcoholic" = 't') [0m

ActionView::TemplateError (SQLite3::SQLException: no such column: beverage_type.alcoholic: SELECT "beverages"."id" AS t0_r0, "beverages"."beverage_type_id" AS t0_r1, "beverages"."name" AS t0_r2, "beverages"."carbonated" AS t0_r3, "beverages"."description" AS t0_r4, "beverages"."created_at" AS t0_r5, "beverages"."updated_at" AS t0_r6, "beverage_types"."id" AS t1_r0, "beverage_types"."name" AS t1_r1, "beverage_types"."created_at" AS t1_r2, "beverage_types"."updated_at" AS t1_r3, "beverage_types"."alcoholic" AS t1_r4 FROM "beverages"  LEFT OUTER JOIN "beverage_types" ON "beverage_types".id = "beverages".beverage_type_id WHERE ("beverage_type"."alcoholic" = 't') ) on line #1 of app/views/beverages/index.html.erb:
1: <% @beverages.each do |beverage| %>
2:   <% div_for beverage do %>
3:     <h3><%= link_to beverage.name, beverage %></h3>
4:   <% end %>

    app/views/beverages/index.html.erb:1
    app/controllers/beverages_controller.rb:9:in `alcoholic'
    /opt/local/lib/ruby/1.8/webrick/httpserver.rb:104:in `service'
    /opt/local/lib/ruby/1.8/webrick/httpserver.rb:65:in `run'
    /opt/local/lib/ruby/1.8/webrick/server.rb:173:in `start_thread'
    /opt/local/lib/ruby/1.8/webrick/server.rb:162:in `start'
    /opt/local/lib/ruby/1.8/webrick/server.rb:162:in `start_thread'
    /opt/local/lib/ruby/1.8/webrick/server.rb:95:in `start'
    /opt/local/lib/ruby/1.8/webrick/server.rb:92:in `each'
    /opt/local/lib/ruby/1.8/webrick/server.rb:92:in `start'
    /opt/local/lib/ruby/1.8/webrick/server.rb:23:in `start'
    /opt/local/lib/ruby/1.8/webrick/server.rb:82:in `start'

Rendered rescues/_trace (53.0ms)
Rendered rescues/_request_and_response (0.3ms)
Rendering rescues/layout (internal_server_error)


Processing BeveragesController#alcoholic (for ::1 at 2009-09-19 11:59:07) [GET]
Rendering beverages/index
  [4;36;1mBeverage Load Including Associations (0.5ms)[0m   [0;1mSELECT "beverages"."id" AS t0_r0, "beverages"."beverage_type_id" AS t0_r1, "beverages"."name" AS t0_r2, "beverages"."carbonated" AS t0_r3, "beverages"."description" AS t0_r4, "beverages"."created_at" AS t0_r5, "beverages"."updated_at" AS t0_r6, "beverage_types"."id" AS t1_r0, "beverage_types"."name" AS t1_r1, "beverage_types"."created_at" AS t1_r2, "beverage_types"."updated_at" AS t1_r3, "beverage_types"."alcoholic" AS t1_r4 FROM "beverages" LEFT OUTER JOIN "beverage_types" ON "beverage_types".id = "beverages".beverage_type_id WHERE ("beverage_types"."alcoholic" = 't') [0m
Completed in 16ms (View: 11, DB: 1) | 200 OK [http://localhost/beverages/alcoholic]
  [4;36;1mBeverageType Load (1.1ms)[0m   [0;1mSELECT * FROM "beverage_types" LIMIT 1[0m
  [4;35;1mBeverage Load (0.4ms)[0m   [0mSELECT * FROM "beverages" WHERE ("beverages".beverage_type_id = 1) [0m
  [4;36;1mBeverage Load Including Associations (0.6ms)[0m   [0;1mSELECT "beverages"."id" AS t0_r0, "beverages"."beverage_type_id" AS t0_r1, "beverages"."name" AS t0_r2, "beverages"."carbonated" AS t0_r3, "beverages"."description" AS t0_r4, "beverages"."created_at" AS t0_r5, "beverages"."updated_at" AS t0_r6, "beverage_types"."id" AS t1_r0, "beverage_types"."name" AS t1_r1, "beverage_types"."created_at" AS t1_r2, "beverage_types"."updated_at" AS t1_r3, "beverage_types"."alcoholic" AS t1_r4 FROM "beverages" LEFT OUTER JOIN "beverage_types" ON "beverage_types".id = "beverages".beverage_type_id WHERE ("beverages".beverage_type_id = 1) AND (("beverage_types"."alcoholic" = 't') AND ("beverages".beverage_type_id = 1)) [0m
